../testcases/nested_funcs.tig : driver.exe: 17:18: type error for equality operator: NAME "tree" (Just (RECORD [("key",STRING),("left",NAME "tree" (Just (RECORD [("key",STRING),("left",NAME "tree" Nothing),("right",NAME "tree" Nothing)] 30013))),("right",NAME "tree" (Just (RECORD [("key",STRING),("left",NAME "tree" Nothing),("right",NAME "tree" Nothing)] 30013)))] 30013))
../testcases/test1.tig : (ARRAY INT 30025,[Proc {get_body = MOVE (TEMP 0) (ESEQ (SEQ (MOVE (TEMP 4) (CALL (NAME "_initArray") [CONST 10,CONST 0])) (EXP (CONST 0))) (TEMP 4)), get_frame = Frame {name = "main", formals' = [], locals = [], fp = 1, sp = 2, arcd = 3}}],Temp {temps = 5, labs = 0, num = 1})
../testcases/test10.tig : driver.exe: 2:1: type mismatch: expected UNIT, actual INT
../testcases/test11.tig : driver.exe: 2:1: type mismatch: expected INT, actual STRING
../testcases/test12.tig : (UNIT,[Proc {get_body = SEQ (EXP (ESEQ (SEQ (MOVE (TEMP 4) (CONST 0)) (EXP (CONST 0))) (ESEQ (SEQ (MOVE (TEMP 5) (CONST 0)) (MOVE (TEMP 6) (CONST 100))) (ESEQ (SEQ (LABEL "L1") (SEQ (CJUMP LE (TEMP 5) (TEMP 6) "L2" "L0") (SEQ (LABEL "L2") (SEQ (EXP (ESEQ (EXP (ESEQ (MOVE (TEMP 4) (BINOP PLUS (TEMP 4) (CONST 1))) (ESEQ (EXP (CONST 0)) (CONST 0)))) (ESEQ (MOVE (TEMP 5) (BINOP PLUS (TEMP 5) (CONST 1))) (CONST 0)))) (SEQ (JUMP (NAME "L1") ["L1"]) (LABEL "L0")))))) (CONST 0))))) (MOVE (TEMP 0) (CONST 0)), get_frame = Frame {name = "main", formals' = [], locals = [], fp = 1, sp = 2, arcd = 3}}],Temp {temps = 7, labs = 3, num = 1})
../testcases/test13.tig : driver.exe: 3:3: type mismatch: expected INT, actual STRING
../testcases/test14.tig : driver.exe: 12:16: type mismatch: expected RECORD [("name",STRING),("id",INT)] 60024, actual ARRAY INT 50024
../testcases/test15.tig : driver.exe: 3:1: type mismatch: expected UNIT, actual INT
../testcases/test16.tig : driver.exe: 4:1: cyclic dependency: a
../testcases/test17.tig : (INT,[Proc {get_body = MOVE (TEMP 0) (ESEQ (SEQ (MOVE (TEMP 4) (CONST 0)) (EXP (CONST 0))) (TEMP 4)), get_frame = Frame {name = "main", formals' = [], locals = [], fp = 1, sp = 2, arcd = 3}}],Temp {temps = 5, labs = 0, num = 1})
../testcases/test18.tig : driver.exe: 5:18: function not defined: do_nothing2
../testcases/test19.tig : driver.exe: 8:30: undefined variable: a
../testcases/test2.tig : (ARRAY INT 40025,[Proc {get_body = MOVE (TEMP 0) (ESEQ (SEQ (MOVE (TEMP 4) (CALL (NAME "_initArray") [CONST 10,CONST 0])) (EXP (CONST 0))) (TEMP 4)), get_frame = Frame {name = "main", formals' = [], locals = [], fp = 1, sp = 2, arcd = 3}}],Temp {temps = 5, labs = 0, num = 1})
../testcases/test20.tig : driver.exe: 3:18: undefined variable: i
../testcases/test21.tig : driver.exe: 8:32: : integer required.
../testcases/test22.tig : driver.exe: 7:13: field not found: nam
../testcases/test23.tig : driver.exe: 8:17: type mismatch: expected INT, actual STRING
../testcases/test24.tig : driver.exe: 5:10: not an array
../testcases/test25.tig : driver.exe: 5:10: not a record: INT
../testcases/test26.tig : driver.exe: 3:3: : integer required.
../testcases/test27.tig : (INT,[Proc {get_body = MOVE (TEMP 0) (ESEQ (SEQ (MOVE (TEMP 4) (CONST 0)) (EXP (CONST 0))) (CALL (NAME "L0_g") [CONST 2])), get_frame = Frame {name = "main", formals' = [], locals = [], fp = 1, sp = 2, arcd = 3}},Proc {get_body = MOVE (TEMP 0) (TEMP 5), get_frame = Frame {name = "L0_g", formals' = [InReg 5], locals = [], fp = 6, sp = 7, arcd = 8}}],Temp {temps = 9, labs = 1, num = 2})
../testcases/test28.tig : driver.exe: 7:13: type mismatch: expected RECORD [("name",STRING),("id",INT)] 40025, actual RECORD [("name",STRING),("id",INT)] 50025
../testcases/test29.tig : driver.exe: 7:13: type mismatch: expected ARRAY INT 40025, actual ARRAY INT 50025
../testcases/test3.tig : (RECORD [("name",STRING),("age",INT)] 30025,[Proc {get_body = MOVE (TEMP 0) (ESEQ (SEQ (MOVE (TEMP 4) (CALL (NAME "_initRecord") [CONST 2,STR "Nobody",CONST 1000])) (EXP (CONST 0))) (ESEQ (MOVE (RCD (TEMP 4) 0) (STR "Somebody")) (TEMP 4))), get_frame = Frame {name = "main", formals' = [], locals = [], fp = 1, sp = 2, arcd = 3}}],Temp {temps = 5, labs = 0, num = 1})
../testcases/test30.tig : (INT,[Proc {get_body = MOVE (TEMP 0) (ESEQ (SEQ (MOVE (TEMP 4) (CALL (NAME "_initArray") [CONST 10,CONST 0])) (EXP (CONST 0))) (ARR (TEMP 4) (CONST 2))), get_frame = Frame {name = "main", formals' = [], locals = [], fp = 1, sp = 2, arcd = 3}}],Temp {temps = 5, labs = 0, num = 1})
../testcases/test31.tig : driver.exe: 3:13: type mismatch: expected INT, actual STRING
../testcases/test32.tig : driver.exe: 6:18: type mismatch: expected INT, actual STRING
../testcases/test33.tig : driver.exe: 3:17: record type not found: rectype
../testcases/test34.tig : driver.exe: 5:9: type mismatch: expected INT, actual STRING
../testcases/test35.tig : driver.exe: 5:9: wrong number of arguments.
../testcases/test36.tig : driver.exe: 5:9: wrong number of arguments.
../testcases/test37.tig : (INT,[Proc {get_body = MOVE (TEMP 0) (ESEQ (SEQ (MOVE (TEMP 4) (CONST 0)) (MOVE (TEMP 5) (STR " "))) (CONST 0)), get_frame = Frame {name = "main", formals' = [], locals = [], fp = 1, sp = 2, arcd = 3}}],Temp {temps = 6, labs = 0, num = 1})
../testcases/test38.tig : driver.exe: 5:9: duplicated defintion: a
../testcases/test39.tig : driver.exe: 5:18: duplicated defintion: g
../testcases/test3b.tig : (RECORD [("name",STRING),("age",INT)] 30025,[Proc {get_body = MOVE (TEMP 0) (ESEQ (SEQ (MOVE (TEMP 4) (CALL (NAME "_initRecord") [CONST 2,STR "Nobody",CONST 1000])) (EXP (CONST 0))) (ESEQ (MOVE (RCD (TEMP 4) 0) (STR "Somebody")) (TEMP 4))), get_frame = Frame {name = "main", formals' = [], locals = [], fp = 1, sp = 2, arcd = 3}}],Temp {temps = 5, labs = 0, num = 1})
../testcases/test4.tig : (INT,[Proc {get_body = MOVE (TEMP 0) (ESEQ (EXP (CONST 0)) (CALL (NAME "L0_nfactor") [CONST 10])), get_frame = Frame {name = "main", formals' = [], locals = [], fp = 1, sp = 2, arcd = 3}},Proc {get_body = MOVE (TEMP 0) (ESEQ (SEQ (CJUMP EQ (TEMP 4) (CONST 0) "L1" "L2") (SEQ (LABEL "L1") (SEQ (MOVE (TEMP 8) (CONST 1)) (SEQ (JUMP (NAME "L3") ["L3"]) (SEQ (LABEL "L2") (SEQ (MOVE (TEMP 8) (BINOP MUL (TEMP 4) (CALL (NAME "L0_nfactor") [BINOP MINUS (TEMP 4) (CONST 1)]))) (LABEL "L3"))))))) (TEMP 8)), get_frame = Frame {name = "L0_nfactor", formals' = [InReg 4], locals = [], fp = 5, sp = 6, arcd = 7}}],Temp {temps = 9, labs = 4, num = 2})
../testcases/test40.tig : driver.exe: 3:18: type mismatch: expected UNIT, actual INT
../testcases/test41.tig : (INT,[Proc {get_body = MOVE (TEMP 0) (ESEQ (EXP (CONST 0)) (ESEQ (EXP (CONST 0)) (CONST 0))), get_frame = Frame {name = "main", formals' = [], locals = [], fp = 1, sp = 2, arcd = 3}}],Temp {temps = 4, labs = 0, num = 1})
../testcases/test42.tig : (UNIT,[Proc {get_body = SEQ (EXP (ESEQ (SEQ (MOVE (TEMP 4) (CALL (NAME "_initArray") [CONST 10,CONST 0])) (SEQ (MOVE (TEMP 5) (CALL (NAME "_initArray") [CONST 5,CALL (NAME "_initRecord") [CONST 4,STR "aname",STR "somewhere",CONST 0,CONST 0]])) (SEQ (MOVE (TEMP 6) (CALL (NAME "_initArray") [CONST 100,STR ""])) (SEQ (MOVE (TEMP 7) (CALL (NAME "_initRecord") [CONST 4,STR "Kapoios",STR "Kapou",CONST 2432,CONST 44])) (MOVE (TEMP 8) (CALL (NAME "_initRecord") [CONST 2,STR "Allos",CALL (NAME "_initArray") [CONST 3,CONST 1900]])))))) (ESEQ (SEQ (MOVE (ARR (TEMP 4) (CONST 0)) (CONST 1)) (SEQ (MOVE (ARR (TEMP 4) (CONST 9)) (CONST 3)) (SEQ (MOVE (RCD (ARR (TEMP 5) (CONST 3)) 0) (STR "kati")) (SEQ (MOVE (RCD (ARR (TEMP 5) (CONST 1)) 3) (CONST 23)) (SEQ (MOVE (ARR (TEMP 6) (CONST 34)) (STR "sfd")) (SEQ (MOVE (RCD (TEMP 7) 0) (STR "sdf")) (MOVE (ARR (RCD (TEMP 8) 1) (CONST 0)) (CONST 2323)))))))) (ESEQ (MOVE (ARR (RCD (TEMP 8) 1) (CONST 2)) (CONST 2323)) (CONST 0))))) (MOVE (TEMP 0) (CONST 0)), get_frame = Frame {name = "main", formals' = [], locals = [], fp = 1, sp = 2, arcd = 3}}],Temp {temps = 9, labs = 0, num = 1})
../testcases/test43.tig : driver.exe: 6:11: : integer required.
../testcases/test44.tig : (UNIT,[Proc {get_body = SEQ (EXP (ESEQ (SEQ (MOVE (TEMP 4) (CONST 0)) (EXP (CONST 0))) (ESEQ (MOVE (TEMP 4) (CONST 0)) (CONST 0)))) (MOVE (TEMP 0) (CONST 0)), get_frame = Frame {name = "main", formals' = [], locals = [], fp = 1, sp = 2, arcd = 3}}],Temp {temps = 5, labs = 0, num = 1})
../testcases/test45.tig : driver.exe: 5:13: nil can be used only in the long form.
../testcases/test46.tig : (INT,[Proc {get_body = MOVE (TEMP 0) (ESEQ (SEQ (MOVE (TEMP 4) (CONST 0)) (EXP (CONST 0))) (ESEQ (EXP (ESEQ (SEQ (CJUMP EQ (TEMP 4) (CONST 0) "L0" "L0") (LABEL "L0")) (CONST 0))) (ESEQ (SEQ (MOVE (TEMP 5) (CONST 1)) (SEQ (CJUMP NE (TEMP 4) (CONST 0) "L0" "L1") (SEQ (LABEL "L1") (SEQ (MOVE (TEMP 5) (CONST 0)) (LABEL "L0"))))) (TEMP 5)))), get_frame = Frame {name = "main", formals' = [], locals = [], fp = 1, sp = 2, arcd = 3}}],Temp {temps = 5, labs = 1, num = 1})
../testcases/test47.tig : (INT,[Proc {get_body = MOVE (TEMP 0) (ESEQ (SEQ (MOVE (TEMP 4) (CONST 4)) (EXP (CONST 0))) (CONST 0)), get_frame = Frame {name = "main", formals' = [], locals = [], fp = 1, sp = 2, arcd = 3}}],Temp {temps = 5, labs = 0, num = 1})
../testcases/test48.tig : (INT,[Proc {get_body = MOVE (TEMP 0) (ESEQ (EXP (CONST 0)) (CONST 0)), get_frame = Frame {name = "main", formals' = [], locals = [], fp = 1, sp = 2, arcd = 3}},Proc {get_body = MOVE (TEMP 0) (TEMP 8), get_frame = Frame {name = "L1_g", formals' = [InReg 8], locals = [], fp = 9, sp = 10, arcd = 11}},Proc {get_body = MOVE (TEMP 0) (TEMP 4), get_frame = Frame {name = "L0_g", formals' = [InReg 4], locals = [], fp = 5, sp = 6, arcd = 7}}],Temp {temps = 12, labs = 2, num = 3})
../testcases/test49.tig : driver.exe: Parse Error at token nil at line 5, col 25
../testcases/test5.tig : (RECORD [("hd",INT),("tl",NAME "intlist" (Just (RECORD [("hd",INT),("tl",NAME "intlist" Nothing)] 40016)))] 40016,[Proc {get_body = MOVE (TEMP 0) (ESEQ (SEQ (MOVE (TEMP 4) (CALL (NAME "_initRecord") [CONST 2,CONST 0,CONST 0])) (EXP (CONST 0))) (TEMP 4)), get_frame = Frame {name = "main", formals' = [], locals = [], fp = 1, sp = 2, arcd = 3}}],Temp {temps = 5, labs = 0, num = 1})
../testcases/test6.tig : (UNIT,[Proc {get_body = SEQ (EXP (ESEQ (EXP (CONST 0)) (CALL (NAME "L0_do_nothing1") [CONST 0,STR "str2"]))) (MOVE (TEMP 0) (CONST 0)), get_frame = Frame {name = "main", formals' = [], locals = [], fp = 1, sp = 2, arcd = 3}},Proc {get_body = SEQ (EXP (CALL (NAME "L0_do_nothing1") [TEMP 9,STR "str"])) (MOVE (TEMP 0) (CONST 0)), get_frame = Frame {name = "L1_do_nothing2", formals' = [InReg 9], locals = [], fp = 10, sp = 11, arcd = 12}},Proc {get_body = SEQ (EXP (CALL (NAME "L1_do_nothing2") [BINOP PLUS (TEMP 5) (CONST 1)])) (MOVE (TEMP 0) (CONST 0)), get_frame = Frame {name = "L0_do_nothing1", formals' = [InReg 5,InReg 4], locals = [], fp = 6, sp = 7, arcd = 8}}],Temp {temps = 13, labs = 2, num = 3})
../testcases/test7.tig : (INT,[Proc {get_body = MOVE (TEMP 0) (ESEQ (EXP (CONST 0)) (CALL (NAME "L0_do_nothing1") [CONST 0,STR "str2"])), get_frame = Frame {name = "main", formals' = [], locals = [], fp = 1, sp = 2, arcd = 3}},Proc {get_body = MOVE (TEMP 0) (ESEQ (EXP (CALL (NAME "L0_do_nothing1") [TEMP 9,STR "str"])) (STR " ")), get_frame = Frame {name = "L1_do_nothing2", formals' = [InReg 9], locals = [], fp = 10, sp = 11, arcd = 12}},Proc {get_body = MOVE (TEMP 0) (ESEQ (EXP (CALL (NAME "L1_do_nothing2") [BINOP PLUS (TEMP 5) (CONST 1)])) (CONST 0)), get_frame = Frame {name = "L0_do_nothing1", formals' = [InReg 5,InReg 4], locals = [], fp = 6, sp = 7, arcd = 8}}],Temp {temps = 13, labs = 2, num = 3})
../testcases/test8.tig : (INT,[Proc {get_body = MOVE (TEMP 0) (ESEQ (SEQ (CJUMP NE (ESEQ (SEQ (MOVE (TEMP 4) (CONST 1)) (SEQ (CJUMP GT (CONST 10) (CONST 20) "L0" "L1") (SEQ (LABEL "L1") (SEQ (MOVE (TEMP 4) (CONST 0)) (LABEL "L0"))))) (TEMP 4)) (CONST 0) "L2" "L3") (SEQ (LABEL "L2") (SEQ (MOVE (TEMP 5) (CONST 30)) (SEQ (JUMP (NAME "L4") ["L4"]) (SEQ (LABEL "L3") (SEQ (MOVE (TEMP 5) (CONST 40)) (LABEL "L4"))))))) (TEMP 5)), get_frame = Frame {name = "main", formals' = [], locals = [], fp = 1, sp = 2, arcd = 3}}],Temp {temps = 6, labs = 5, num = 1})
../testcases/test9.tig : driver.exe: 3:1: type mismatch: expected INT, actual STRING
../additonalcases/reccmp.tig : (INT,[Proc {get_body = MOVE (TEMP 0) (ESEQ (SEQ (MOVE (TEMP 4) (CALL (NAME "_initRecord") [CONST 2,CONST 0,CONST 0])) (SEQ (MOVE (TEMP 5) (CALL (NAME "_initRecord") [CONST 2,CONST 0,CONST 0])) (MOVE (TEMP 6) (CALL (NAME "_initRecord") [CONST 2,CONST 0,CONST 0])))) (ESEQ (SEQ (MOVE (TEMP 7) (CONST 1)) (SEQ (CJUMP EQ (TEMP 4) (RCD (TEMP 5) 1) "L0" "L1") (SEQ (LABEL "L1") (SEQ (MOVE (TEMP 7) (CONST 0)) (LABEL "L0"))))) (TEMP 7))), get_frame = Frame {name = "main", formals' = [], locals = [], fp = 1, sp = 2, arcd = 3}}],Temp {temps = 8, labs = 2, num = 1})
../additonalcases/test16b.tig : driver.exe: 4:1: cyclic dependency: a
../additonalcases/test17b.tig : driver.exe: 4:12: type not defined (field): treelist
../additonalcases/test19b.tig : driver.exe: 8:29: undefined variable: a
../additonalcases/test32b.tig : driver.exe: 6:18: type mismatch: expected INT, actual STRING
../additonalcases/test33b.tig : driver.exe: 3:17: record type not found: rectype
../additonalcases/test37b.tig : (STRING,[Proc {get_body = MOVE (TEMP 0) (ESEQ (SEQ (MOVE (TEMP 4) (CONST 0)) (MOVE (TEMP 5) (STR " "))) (TEMP 5)), get_frame = Frame {name = "main", formals' = [], locals = [], fp = 1, sp = 2, arcd = 3}}],Temp {temps = 6, labs = 0, num = 1})
../additonalcases/test38b.tig : driver.exe: 5:9: duplicated defintion: a
../additonalcases/test39b.tig : driver.exe: 5:18: duplicated defintion: g
../additonalcases/test41b.tig : (STRING,[Proc {get_body = MOVE (TEMP 0) (ESEQ (SEQ (MOVE (TEMP 4) (CONST 0)) (EXP (CONST 0))) (ESEQ (SEQ (MOVE (TEMP 5) (STR "str")) (EXP (CONST 0))) (TEMP 5))), get_frame = Frame {name = "main", formals' = [], locals = [], fp = 1, sp = 2, arcd = 3}}],Temp {temps = 6, labs = 0, num = 1})
../additonalcases/test48b.tig : (INT,[Proc {get_body = MOVE (TEMP 0) (ESEQ (EXP (CONST 0)) (CALL (NAME "L1_g") [CONST 2])), get_frame = Frame {name = "main", formals' = [], locals = [], fp = 1, sp = 2, arcd = 3}},Proc {get_body = MOVE (TEMP 0) (TEMP 8), get_frame = Frame {name = "L1_g", formals' = [InReg 8], locals = [], fp = 9, sp = 10, arcd = 11}},Proc {get_body = MOVE (TEMP 0) (TEMP 4), get_frame = Frame {name = "L0_g", formals' = [InReg 4], locals = [], fp = 5, sp = 6, arcd = 7}}],Temp {temps = 12, labs = 2, num = 3})
../additonalcases/test5b.tig : (INT,[Proc {get_body = MOVE (TEMP 0) (ESEQ (SEQ (MOVE (TEMP 4) (CALL (NAME "_initRecord") [CONST 2,CONST 0,CONST 0])) (MOVE (TEMP 5) (CALL (NAME "_initRecord") [CONST 2,STR "a",CONST 0]))) (BINOP PLUS (RCD (TEMP 4) 0) (CALL (NAME "ord") [RCD (TEMP 5) 0]))), get_frame = Frame {name = "main", formals' = [], locals = [], fp = 1, sp = 2, arcd = 3}}],Temp {temps = 6, labs = 0, num = 1})
../additonalcases/teststrcmp.tig : (INT,[Proc {get_body = MOVE (TEMP 0) (ESEQ (SEQ (MOVE (TEMP 4) (CONST 1)) (SEQ (CJUMP GT (CALL (NAME "_strcmp") [STR "ab",STR "cd"]) (CONST 0) "L0" "L1") (SEQ (LABEL "L1") (SEQ (MOVE (TEMP 4) (CONST 0)) (LABEL "L0"))))) (TEMP 4)), get_frame = Frame {name = "main", formals' = [], locals = [], fp = 1, sp = 2, arcd = 3}}],Temp {temps = 5, labs = 2, num = 1})
