
---- prog ----
:L3
const t9, #int 6
new-instance t8, Ljava/lang/Integer;
invoke-direct {t8, t9}, Ljava/lang/Integer;.<init>:(I)V
check-cast t2, Ljava/lang/Integer;
check-cast t8, Ljava/lang/Integer;
invoke-virtual {t2}, Ljava/lang/Integer;.intValue:()I
move-result t11
invoke-virtual {t8}, Ljava/lang/Integer;.intValue:()I
move-result t12
add-int t11, t11, t12
new-instance t10, Ljava/lang/Integer;
invoke-direct {t10, t11, Ljava/lang/Integer;.<init>:(I)V
move-object v0, t3
move-object v1, t1
const t14, #int 2
new-instance t13, Ljava/lang/Integer;
invoke-direct {t13, t14}, Ljava/lang/Integer;.<init>:(I)V
check-cast t10, Ljava/lang/Integer;
check-cast t13, Ljava/lang/Integer;
invoke-virtual {t10}, Ljava/lang/Integer;.intValue:()I
move-result t16
invoke-virtual {t13}, Ljava/lang/Integer;.intValue:()I
move-result t17
sub-int t16, t16, t17
new-instance t15, Ljava/lang/Integer;
invoke-direct {t15, t16, Ljava/lang/Integer;.<init>:(I)V
check-cast t15, L/java/lang/Integer;
invoke-virtual {t15}, Ljava/lang/Integer;.intValue:()I
move-result t18
aput-object t1, t3, t18
const t20, #int 2
new-instance t19, Ljava/lang/Integer;
invoke-direct {t19, t20}, Ljava/lang/Integer;.<init>:(I)V
move-object v2, t19
const t22, #int 0
new-instance t21, Ljava/lang/Integer;
invoke-direct {t21, t22}, Ljava/lang/Integer;.<init>:(I)V
move-object v3, t21
const t24, #int 0
new-instance t23, Ljava/lang/Integer;
invoke-direct {t23, t24}, Ljava/lang/Integer;.<init>:(I)V
move-object v4, t23
invoke-static {v0, v1, v2, v3, v4}, _initRecord
move-result-object t25
move-object t4, t25
const t27, #int 6
new-instance t26, Ljava/lang/Integer;
invoke-direct {t26, t27}, Ljava/lang/Integer;.<init>:(I)V
check-cast t2, Ljava/lang/Integer;
check-cast t26, Ljava/lang/Integer;
invoke-virtual {t2}, Ljava/lang/Integer;.intValue:()I
move-result t29
invoke-virtual {t26}, Ljava/lang/Integer;.intValue:()I
move-result t30
add-int t29, t29, t30
new-instance t28, Ljava/lang/Integer;
invoke-direct {t28, t29, Ljava/lang/Integer;.<init>:(I)V
move-object v0, t3
move-object v1, t1
const t32, #int 2
new-instance t31, Ljava/lang/Integer;
invoke-direct {t31, t32}, Ljava/lang/Integer;.<init>:(I)V
check-cast t28, Ljava/lang/Integer;
check-cast t31, Ljava/lang/Integer;
invoke-virtual {t28}, Ljava/lang/Integer;.intValue:()I
move-result t34
invoke-virtual {t31}, Ljava/lang/Integer;.intValue:()I
move-result t35
sub-int t34, t34, t35
new-instance t33, Ljava/lang/Integer;
invoke-direct {t33, t34, Ljava/lang/Integer;.<init>:(I)V
check-cast t33, L/java/lang/Integer;
invoke-virtual {t33}, Ljava/lang/Integer;.intValue:()I
move-result t36
aput-object t1, t3, t36
const t38, #int 2
new-instance t37, Ljava/lang/Integer;
invoke-direct {t37, t38}, Ljava/lang/Integer;.<init>:(I)V
move-object v2, t37
const t40, #int 0
new-instance t39, Ljava/lang/Integer;
invoke-direct {t39, t40}, Ljava/lang/Integer;.<init>:(I)V
move-object v3, t39
const t42, #int 0
new-instance t41, Ljava/lang/Integer;
invoke-direct {t41, t42}, Ljava/lang/Integer;.<init>:(I)V
move-object v4, t41
invoke-static {v0, v1, v2, v3, v4}, _initRecord
move-result-object t43
move-object t5, t43
const t45, #int 6
new-instance t44, Ljava/lang/Integer;
invoke-direct {t44, t45}, Ljava/lang/Integer;.<init>:(I)V
check-cast t2, Ljava/lang/Integer;
check-cast t44, Ljava/lang/Integer;
invoke-virtual {t2}, Ljava/lang/Integer;.intValue:()I
move-result t47
invoke-virtual {t44}, Ljava/lang/Integer;.intValue:()I
move-result t48
add-int t47, t47, t48
new-instance t46, Ljava/lang/Integer;
invoke-direct {t46, t47, Ljava/lang/Integer;.<init>:(I)V
move-object v0, t3
move-object v1, t1
const t50, #int 2
new-instance t49, Ljava/lang/Integer;
invoke-direct {t49, t50}, Ljava/lang/Integer;.<init>:(I)V
check-cast t46, Ljava/lang/Integer;
check-cast t49, Ljava/lang/Integer;
invoke-virtual {t46}, Ljava/lang/Integer;.intValue:()I
move-result t52
invoke-virtual {t49}, Ljava/lang/Integer;.intValue:()I
move-result t53
sub-int t52, t52, t53
new-instance t51, Ljava/lang/Integer;
invoke-direct {t51, t52, Ljava/lang/Integer;.<init>:(I)V
check-cast t51, L/java/lang/Integer;
invoke-virtual {t51}, Ljava/lang/Integer;.intValue:()I
move-result t54
aput-object t1, t3, t54
const t56, #int 2
new-instance t55, Ljava/lang/Integer;
invoke-direct {t55, t56}, Ljava/lang/Integer;.<init>:(I)V
move-object v2, t55
const t58, #int 0
new-instance t57, Ljava/lang/Integer;
invoke-direct {t57, t58}, Ljava/lang/Integer;.<init>:(I)V
move-object v3, t57
const t60, #int 0
new-instance t59, Ljava/lang/Integer;
invoke-direct {t59, t60}, Ljava/lang/Integer;.<init>:(I)V
move-object v4, t59
invoke-static {v0, v1, v2, v3, v4}, _initRecord
move-result-object t61
move-object t6, t61
const t63, #int 1
new-instance t62, Ljava/lang/Integer;
invoke-direct {t62, t63}, Ljava/lang/Integer;.<init>:(I)V
move-object t7, t62
const t65, #int 1
new-instance t64, Ljava/lang/Integer;
invoke-direct {t64, t65}, Ljava/lang/Integer;.<init>:(I)V
check-cast t64, Ljava/lang/Integer;
invoke-virtual {t64}, Ljava/lang/Integer;.intValue:()I
move-result t67
check-cast t5, [Ljava/lang/Object;
aget-object t66, t5, t67
check-cast t4, L/java/lang/Integer;
invoke-virtual {t4}, Ljava/lang/Integer;.intValue:()I
move-result t68
check-cast t66, L/java/lang/Integer;
invoke-virtual {t66}, Ljava/lang/Integer;.intValue:()I
move-result t69
if-eq t68, t69, :L0
const t71, #int 0
new-instance t70, Ljava/lang/Integer;
invoke-direct {t70, t71}, Ljava/lang/Integer;.<init>:(I)V
move-object t7, t70
:L0
return-object t7
goto :L2
:L2

